<?xml version="1.0" encoding="UTF-8"?>
<testsuite name="dio.innovationone.SpringWebMVC.SpringWebMvcApplicationTests" tests="1" skipped="0" failures="0" errors="0" timestamp="2022-04-14T21:39:45" hostname="GPMrks" time="0.15">
  <properties/>
  <testcase name="contextLoads()" classname="dio.innovationone.SpringWebMVC.SpringWebMvcApplicationTests" time="0.15"/>
  <system-out><![CDATA[18:39:44.077 [Test worker] DEBUG org.springframework.test.context.BootstrapUtils - Instantiating CacheAwareContextLoaderDelegate from class [org.springframework.test.context.cache.DefaultCacheAwareContextLoaderDelegate]
18:39:44.082 [Test worker] DEBUG org.springframework.test.context.BootstrapUtils - Instantiating BootstrapContext using constructor [public org.springframework.test.context.support.DefaultBootstrapContext(java.lang.Class,org.springframework.test.context.CacheAwareContextLoaderDelegate)]
18:39:44.098 [Test worker] DEBUG org.springframework.test.context.BootstrapUtils - Instantiating TestContextBootstrapper for test class [dio.innovationone.SpringWebMVC.SpringWebMvcApplicationTests] from class [org.springframework.boot.test.context.SpringBootTestContextBootstrapper]
18:39:44.112 [Test worker] INFO org.springframework.boot.test.context.SpringBootTestContextBootstrapper - Neither @ContextConfiguration nor @ContextHierarchy found for test class [dio.innovationone.SpringWebMVC.SpringWebMvcApplicationTests], using SpringBootContextLoader
18:39:44.114 [Test worker] DEBUG org.springframework.test.context.support.AbstractContextLoader - Did not detect default resource location for test class [dio.innovationone.SpringWebMVC.SpringWebMvcApplicationTests]: class path resource [dio/innovationone/SpringWebMVC/SpringWebMvcApplicationTests-context.xml] does not exist
18:39:44.114 [Test worker] DEBUG org.springframework.test.context.support.AbstractContextLoader - Did not detect default resource location for test class [dio.innovationone.SpringWebMVC.SpringWebMvcApplicationTests]: class path resource [dio/innovationone/SpringWebMVC/SpringWebMvcApplicationTestsContext.groovy] does not exist
18:39:44.115 [Test worker] INFO org.springframework.test.context.support.AbstractContextLoader - Could not detect default resource locations for test class [dio.innovationone.SpringWebMVC.SpringWebMvcApplicationTests]: no resource found for suffixes {-context.xml, Context.groovy}.
18:39:44.115 [Test worker] INFO org.springframework.test.context.support.AnnotationConfigContextLoaderUtils - Could not detect default configuration classes for test class [dio.innovationone.SpringWebMVC.SpringWebMvcApplicationTests]: SpringWebMvcApplicationTests does not declare any static, non-private, non-final, nested classes annotated with @Configuration.
18:39:44.134 [Test worker] DEBUG org.springframework.test.context.support.ActiveProfilesUtils - Could not find an 'annotation declaring class' for annotation type [org.springframework.test.context.ActiveProfiles] and class [dio.innovationone.SpringWebMVC.SpringWebMvcApplicationTests]
18:39:44.159 [Test worker] DEBUG org.springframework.context.annotation.ClassPathScanningCandidateComponentProvider - Identified candidate component class: file [/home/gpmrks/JavaDeveloperBootcamp/SpringWebMVC/build/classes/java/main/dio/innovationone/SpringWebMVC/SpringWebMvcApplication.class]
18:39:44.159 [Test worker] INFO org.springframework.boot.test.context.SpringBootTestContextBootstrapper - Found @SpringBootConfiguration dio.innovationone.SpringWebMVC.SpringWebMvcApplication for test class dio.innovationone.SpringWebMVC.SpringWebMvcApplicationTests
18:39:44.199 [Test worker] DEBUG org.springframework.boot.test.context.SpringBootTestContextBootstrapper - @TestExecutionListeners is not present for class [dio.innovationone.SpringWebMVC.SpringWebMvcApplicationTests]: using defaults.
18:39:44.200 [Test worker] INFO org.springframework.boot.test.context.SpringBootTestContextBootstrapper - Loaded default TestExecutionListener class names from location [META-INF/spring.factories]: [org.springframework.boot.test.autoconfigure.restdocs.RestDocsTestExecutionListener, org.springframework.boot.test.autoconfigure.web.client.MockRestServiceServerResetTestExecutionListener, org.springframework.boot.test.autoconfigure.web.servlet.MockMvcPrintOnlyOnFailureTestExecutionListener, org.springframework.boot.test.autoconfigure.web.servlet.WebDriverTestExecutionListener, org.springframework.boot.test.autoconfigure.webservices.client.MockWebServiceServerTestExecutionListener, org.springframework.boot.test.mock.mockito.MockitoTestExecutionListener, org.springframework.boot.test.mock.mockito.ResetMocksTestExecutionListener, org.springframework.test.context.web.ServletTestExecutionListener, org.springframework.test.context.support.DirtiesContextBeforeModesTestExecutionListener, org.springframework.test.context.event.ApplicationEventsTestExecutionListener, org.springframework.test.context.support.DependencyInjectionTestExecutionListener, org.springframework.test.context.support.DirtiesContextTestExecutionListener, org.springframework.test.context.transaction.TransactionalTestExecutionListener, org.springframework.test.context.jdbc.SqlScriptsTestExecutionListener, org.springframework.test.context.event.EventPublishingTestExecutionListener]
18:39:44.204 [Test worker] DEBUG org.springframework.boot.test.context.SpringBootTestContextBootstrapper - Skipping candidate TestExecutionListener [org.springframework.test.context.transaction.TransactionalTestExecutionListener] due to a missing dependency. Specify custom listener classes or make the default listener classes and their required dependencies available. Offending class: [org/springframework/transaction/interceptor/TransactionAttributeSource]
18:39:44.205 [Test worker] DEBUG org.springframework.boot.test.context.SpringBootTestContextBootstrapper - Skipping candidate TestExecutionListener [org.springframework.test.context.jdbc.SqlScriptsTestExecutionListener] due to a missing dependency. Specify custom listener classes or make the default listener classes and their required dependencies available. Offending class: [org/springframework/transaction/interceptor/TransactionAttribute]
18:39:44.205 [Test worker] INFO org.springframework.boot.test.context.SpringBootTestContextBootstrapper - Using TestExecutionListeners: [org.springframework.test.context.web.ServletTestExecutionListener@1698fc68, org.springframework.test.context.support.DirtiesContextBeforeModesTestExecutionListener@4504d271, org.springframework.test.context.event.ApplicationEventsTestExecutionListener@207b8649, org.springframework.boot.test.mock.mockito.MockitoTestExecutionListener@65b3a85a, org.springframework.boot.test.autoconfigure.SpringBootDependencyInjectionTestExecutionListener@34997338, org.springframework.test.context.support.DirtiesContextTestExecutionListener@57eda880, org.springframework.test.context.event.EventPublishingTestExecutionListener@2b5825fa, org.springframework.boot.test.autoconfigure.restdocs.RestDocsTestExecutionListener@53d1b9b3, org.springframework.boot.test.autoconfigure.web.client.MockRestServiceServerResetTestExecutionListener@2cae1042, org.springframework.boot.test.autoconfigure.web.servlet.MockMvcPrintOnlyOnFailureTestExecutionListener@163d04ff, org.springframework.boot.test.autoconfigure.web.servlet.WebDriverTestExecutionListener@7c209437, org.springframework.boot.test.autoconfigure.webservices.client.MockWebServiceServerTestExecutionListener@2262b621, org.springframework.boot.test.mock.mockito.ResetMocksTestExecutionListener@7e928e2f]
18:39:44.206 [Test worker] DEBUG org.springframework.test.context.support.AbstractDirtiesContextTestExecutionListener - Before test class: context [DefaultTestContext@79145d5a testClass = SpringWebMvcApplicationTests, testInstance = [null], testMethod = [null], testException = [null], mergedContextConfiguration = [WebMergedContextConfiguration@1f2f9244 testClass = SpringWebMvcApplicationTests, locations = '{}', classes = '{class dio.innovationone.SpringWebMVC.SpringWebMvcApplication}', contextInitializerClasses = '[]', activeProfiles = '{}', propertySourceLocations = '{}', propertySourceProperties = '{org.springframework.boot.test.context.SpringBootTestContextBootstrapper=true}', contextCustomizers = set[org.springframework.boot.test.autoconfigure.actuate.metrics.MetricsExportContextCustomizerFactory$DisableMetricExportContextCustomizer@488d1cd7, org.springframework.boot.test.autoconfigure.properties.PropertyMappingContextCustomizer@0, org.springframework.boot.test.autoconfigure.web.servlet.WebDriverContextCustomizerFactory$Customizer@14bee915, org.springframework.boot.test.context.filter.ExcludeFilterContextCustomizer@43b9fd5, org.springframework.boot.test.json.DuplicateJsonObjectContextCustomizerFactory$DuplicateJsonObjectContextCustomizer@37e4d7bb, org.springframework.boot.test.mock.mockito.MockitoContextCustomizer@0, org.springframework.boot.test.web.client.TestRestTemplateContextCustomizer@7922d892, org.springframework.boot.test.context.SpringBootTestArgs@1, org.springframework.boot.test.context.SpringBootTestWebEnvironment@38afe297], resourceBasePath = 'src/main/webapp', contextLoader = 'org.springframework.boot.test.context.SpringBootContextLoader', parent = [null]], attributes = map['org.springframework.test.context.web.ServletTestExecutionListener.activateListener' -> true]], class annotated with @DirtiesContext [false] with mode [null].

  .   ____          _            __ _ _
 /\\ / ___'_ __ _ _(_)_ __  __ _ \ \ \ \
( ( )\___ | '_ | '_| | '_ \/ _` | \ \ \ \
 \\/  ___)| |_)| | | | | || (_| |  ) ) ) )
  '  |____| .__|_| |_|_| |_\__, | / / / /
 =========|_|==============|___/=/_/_/_/
 :: Spring Boot ::                (v2.6.6)

2022-04-14 18:39:44.374  INFO 7491 --- [    Test worker] d.i.S.SpringWebMvcApplicationTests       : Starting SpringWebMvcApplicationTests using Java 11.0.14.1 on GPMrks with PID 7491 (started by gpmrks in /home/gpmrks/JavaDeveloperBootcamp/SpringWebMVC)
2022-04-14 18:39:44.375  INFO 7491 --- [    Test worker] d.i.S.SpringWebMvcApplicationTests       : No active profile set, falling back to 1 default profile: "default"
2022-04-14 18:39:45.091  INFO 7491 --- [    Test worker] d.i.S.SpringWebMvcApplicationTests       : Started SpringWebMvcApplicationTests in 0.868 seconds (JVM running for 1.394)
]]></system-out>
  <system-err><![CDATA[]]></system-err>
</testsuite>
