<?xml version="1.0" encoding="UTF-8"?>
<testsuite name="dio.innovationone.SpringWebMVC.SpringWebMvcApplicationTests" tests="1" skipped="0" failures="0" errors="0" timestamp="2022-04-15T01:06:11" hostname="GPMrks" time="0.072">
  <properties/>
  <testcase name="contextLoads()" classname="dio.innovationone.SpringWebMVC.SpringWebMvcApplicationTests" time="0.072"/>
  <system-out><![CDATA[22:06:08.788 [Test worker] DEBUG org.springframework.test.context.BootstrapUtils - Instantiating CacheAwareContextLoaderDelegate from class [org.springframework.test.context.cache.DefaultCacheAwareContextLoaderDelegate]
22:06:08.793 [Test worker] DEBUG org.springframework.test.context.BootstrapUtils - Instantiating BootstrapContext using constructor [public org.springframework.test.context.support.DefaultBootstrapContext(java.lang.Class,org.springframework.test.context.CacheAwareContextLoaderDelegate)]
22:06:08.817 [Test worker] DEBUG org.springframework.test.context.BootstrapUtils - Instantiating TestContextBootstrapper for test class [dio.innovationone.SpringWebMVC.SpringWebMvcApplicationTests] from class [org.springframework.boot.test.context.SpringBootTestContextBootstrapper]
22:06:08.824 [Test worker] INFO org.springframework.boot.test.context.SpringBootTestContextBootstrapper - Neither @ContextConfiguration nor @ContextHierarchy found for test class [dio.innovationone.SpringWebMVC.SpringWebMvcApplicationTests], using SpringBootContextLoader
22:06:08.826 [Test worker] DEBUG org.springframework.test.context.support.AbstractContextLoader - Did not detect default resource location for test class [dio.innovationone.SpringWebMVC.SpringWebMvcApplicationTests]: class path resource [dio/innovationone/SpringWebMVC/SpringWebMvcApplicationTests-context.xml] does not exist
22:06:08.826 [Test worker] DEBUG org.springframework.test.context.support.AbstractContextLoader - Did not detect default resource location for test class [dio.innovationone.SpringWebMVC.SpringWebMvcApplicationTests]: class path resource [dio/innovationone/SpringWebMVC/SpringWebMvcApplicationTestsContext.groovy] does not exist
22:06:08.826 [Test worker] INFO org.springframework.test.context.support.AbstractContextLoader - Could not detect default resource locations for test class [dio.innovationone.SpringWebMVC.SpringWebMvcApplicationTests]: no resource found for suffixes {-context.xml, Context.groovy}.
22:06:08.827 [Test worker] INFO org.springframework.test.context.support.AnnotationConfigContextLoaderUtils - Could not detect default configuration classes for test class [dio.innovationone.SpringWebMVC.SpringWebMvcApplicationTests]: SpringWebMvcApplicationTests does not declare any static, non-private, non-final, nested classes annotated with @Configuration.
22:06:08.848 [Test worker] DEBUG org.springframework.test.context.support.ActiveProfilesUtils - Could not find an 'annotation declaring class' for annotation type [org.springframework.test.context.ActiveProfiles] and class [dio.innovationone.SpringWebMVC.SpringWebMvcApplicationTests]
22:06:08.877 [Test worker] DEBUG org.springframework.context.annotation.ClassPathScanningCandidateComponentProvider - Identified candidate component class: file [/home/gpmrks/JavaDeveloperBootcamp/SpringWebMVC/build/classes/java/main/dio/innovationone/SpringWebMVC/SpringWebMvcApplication.class]
22:06:08.878 [Test worker] INFO org.springframework.boot.test.context.SpringBootTestContextBootstrapper - Found @SpringBootConfiguration dio.innovationone.SpringWebMVC.SpringWebMvcApplication for test class dio.innovationone.SpringWebMVC.SpringWebMvcApplicationTests
22:06:08.927 [Test worker] DEBUG org.springframework.boot.test.context.SpringBootTestContextBootstrapper - @TestExecutionListeners is not present for class [dio.innovationone.SpringWebMVC.SpringWebMvcApplicationTests]: using defaults.
22:06:08.927 [Test worker] INFO org.springframework.boot.test.context.SpringBootTestContextBootstrapper - Loaded default TestExecutionListener class names from location [META-INF/spring.factories]: [org.springframework.boot.test.autoconfigure.restdocs.RestDocsTestExecutionListener, org.springframework.boot.test.autoconfigure.web.client.MockRestServiceServerResetTestExecutionListener, org.springframework.boot.test.autoconfigure.web.servlet.MockMvcPrintOnlyOnFailureTestExecutionListener, org.springframework.boot.test.autoconfigure.web.servlet.WebDriverTestExecutionListener, org.springframework.boot.test.autoconfigure.webservices.client.MockWebServiceServerTestExecutionListener, org.springframework.boot.test.mock.mockito.MockitoTestExecutionListener, org.springframework.boot.test.mock.mockito.ResetMocksTestExecutionListener, org.springframework.test.context.web.ServletTestExecutionListener, org.springframework.test.context.support.DirtiesContextBeforeModesTestExecutionListener, org.springframework.test.context.event.ApplicationEventsTestExecutionListener, org.springframework.test.context.support.DependencyInjectionTestExecutionListener, org.springframework.test.context.support.DirtiesContextTestExecutionListener, org.springframework.test.context.transaction.TransactionalTestExecutionListener, org.springframework.test.context.jdbc.SqlScriptsTestExecutionListener, org.springframework.test.context.event.EventPublishingTestExecutionListener]
22:06:08.938 [Test worker] INFO org.springframework.boot.test.context.SpringBootTestContextBootstrapper - Using TestExecutionListeners: [org.springframework.test.context.web.ServletTestExecutionListener@6d304f9d, org.springframework.test.context.support.DirtiesContextBeforeModesTestExecutionListener@f73dcd6, org.springframework.test.context.event.ApplicationEventsTestExecutionListener@5c87bfe2, org.springframework.boot.test.mock.mockito.MockitoTestExecutionListener@2fea7088, org.springframework.boot.test.autoconfigure.SpringBootDependencyInjectionTestExecutionListener@40499e4f, org.springframework.test.context.support.DirtiesContextTestExecutionListener@51cd7ffc, org.springframework.test.context.transaction.TransactionalTestExecutionListener@30d4b288, org.springframework.test.context.jdbc.SqlScriptsTestExecutionListener@4cc6fa2a, org.springframework.test.context.event.EventPublishingTestExecutionListener@40f1be1b, org.springframework.boot.test.autoconfigure.restdocs.RestDocsTestExecutionListener@7a791b66, org.springframework.boot.test.autoconfigure.web.client.MockRestServiceServerResetTestExecutionListener@6f2cb653, org.springframework.boot.test.autoconfigure.web.servlet.MockMvcPrintOnlyOnFailureTestExecutionListener@14c01636, org.springframework.boot.test.autoconfigure.web.servlet.WebDriverTestExecutionListener@590c73d3, org.springframework.boot.test.autoconfigure.webservices.client.MockWebServiceServerTestExecutionListener@6b9ce1bf, org.springframework.boot.test.mock.mockito.ResetMocksTestExecutionListener@61884cb1]
22:06:08.939 [Test worker] DEBUG org.springframework.test.context.support.AbstractDirtiesContextTestExecutionListener - Before test class: context [DefaultTestContext@13e3c1c7 testClass = SpringWebMvcApplicationTests, testInstance = [null], testMethod = [null], testException = [null], mergedContextConfiguration = [WebMergedContextConfiguration@5316e95f testClass = SpringWebMvcApplicationTests, locations = '{}', classes = '{class dio.innovationone.SpringWebMVC.SpringWebMvcApplication}', contextInitializerClasses = '[]', activeProfiles = '{}', propertySourceLocations = '{}', propertySourceProperties = '{org.springframework.boot.test.context.SpringBootTestContextBootstrapper=true}', contextCustomizers = set[org.springframework.boot.test.autoconfigure.actuate.metrics.MetricsExportContextCustomizerFactory$DisableMetricExportContextCustomizer@1e44b638, org.springframework.boot.test.autoconfigure.properties.PropertyMappingContextCustomizer@0, org.springframework.boot.test.autoconfigure.web.servlet.WebDriverContextCustomizerFactory$Customizer@5b367418, org.springframework.boot.test.context.filter.ExcludeFilterContextCustomizer@1efe439d, org.springframework.boot.test.json.DuplicateJsonObjectContextCustomizerFactory$DuplicateJsonObjectContextCustomizer@12d2ce03, org.springframework.boot.test.mock.mockito.MockitoContextCustomizer@0, org.springframework.boot.test.web.client.TestRestTemplateContextCustomizer@5be46f9d, org.springframework.boot.test.context.SpringBootTestArgs@1, org.springframework.boot.test.context.SpringBootTestWebEnvironment@7ee8290b], resourceBasePath = 'src/main/webapp', contextLoader = 'org.springframework.boot.test.context.SpringBootContextLoader', parent = [null]], attributes = map['org.springframework.test.context.web.ServletTestExecutionListener.activateListener' -> true]], class annotated with @DirtiesContext [false] with mode [null].

  .   ____          _            __ _ _
 /\\ / ___'_ __ _ _(_)_ __  __ _ \ \ \ \
( ( )\___ | '_ | '_| | '_ \/ _` | \ \ \ \
 \\/  ___)| |_)| | | | | || (_| |  ) ) ) )
  '  |____| .__|_| |_|_| |_\__, | / / / /
 =========|_|==============|___/=/_/_/_/
 :: Spring Boot ::                (v2.6.6)

2022-04-14 22:06:09.121  INFO 16351 --- [    Test worker] d.i.S.SpringWebMvcApplicationTests       : Starting SpringWebMvcApplicationTests using Java 11.0.14.1 on GPMrks with PID 16351 (started by gpmrks in /home/gpmrks/JavaDeveloperBootcamp/SpringWebMVC)
2022-04-14 22:06:09.122  INFO 16351 --- [    Test worker] d.i.S.SpringWebMvcApplicationTests       : No active profile set, falling back to 1 default profile: "default"
2022-04-14 22:06:09.460  INFO 16351 --- [    Test worker] .s.d.r.c.RepositoryConfigurationDelegate : Bootstrapping Spring Data JPA repositories in DEFAULT mode.
2022-04-14 22:06:09.482  INFO 16351 --- [    Test worker] .s.d.r.c.RepositoryConfigurationDelegate : Finished Spring Data repository scanning in 18 ms. Found 1 JPA repository interfaces.
2022-04-14 22:06:09.764  INFO 16351 --- [    Test worker] o.hibernate.jpa.internal.util.LogHelper  : HHH000204: Processing PersistenceUnitInfo [name: default]
2022-04-14 22:06:09.788  INFO 16351 --- [    Test worker] org.hibernate.Version                    : HHH000412: Hibernate ORM core version 5.6.7.Final
2022-04-14 22:06:09.894  INFO 16351 --- [    Test worker] o.hibernate.annotations.common.Version   : HCANN000001: Hibernate Commons Annotations {5.1.2.Final}
2022-04-14 22:06:09.951  INFO 16351 --- [    Test worker] com.zaxxer.hikari.HikariDataSource       : HikariPool-1 - Starting...
2022-04-14 22:06:10.039  INFO 16351 --- [    Test worker] com.zaxxer.hikari.HikariDataSource       : HikariPool-1 - Start completed.
2022-04-14 22:06:10.060  INFO 16351 --- [    Test worker] org.hibernate.dialect.Dialect            : HHH000400: Using dialect: org.hibernate.dialect.H2Dialect
2022-04-14 22:06:10.377  INFO 16351 --- [    Test worker] o.h.e.t.j.p.i.JtaPlatformInitiator       : HHH000490: Using JtaPlatform implementation: [org.hibernate.engine.transaction.jta.platform.internal.NoJtaPlatform]
2022-04-14 22:06:10.381  INFO 16351 --- [    Test worker] j.LocalContainerEntityManagerFactoryBean : Initialized JPA EntityManagerFactory for persistence unit 'default'
2022-04-14 22:06:10.703  WARN 16351 --- [    Test worker] JpaBaseConfiguration$JpaWebConfiguration : spring.jpa.open-in-view is enabled by default. Therefore, database queries may be performed during view rendering. Explicitly configure spring.jpa.open-in-view to disable this warning
2022-04-14 22:06:10.844  INFO 16351 --- [    Test worker] o.s.b.a.h2.H2ConsoleAutoConfiguration    : H2 console available at '/h2-console'. Database available at 'jdbc:h2:mem:testdb'
2022-04-14 22:06:11.040  INFO 16351 --- [    Test worker] d.i.S.SpringWebMvcApplicationTests       : Started SpringWebMvcApplicationTests in 2.082 seconds (JVM running for 2.652)
]]></system-out>
  <system-err><![CDATA[]]></system-err>
</testsuite>
